[16:10:00] [main/INFO]: Setting user: Player299
[16:10:01] [Client thread/INFO]: LWJGL Version: 2.9.1
[16:10:08] [Client thread/INFO]: Reloading ResourceManager: Default, FMLFileResourcePack:Forge Mod Loader, FMLFileResourcePack:Minecraft Forge, FMLFileResourcePack:The Runescape Client Mod
[16:10:09] [Sound Library Loader/INFO]: Sound engine started
[16:10:11] [Client thread/INFO]: Created: 16x16 textures/blocks-atlas
[16:10:11] [Client thread/INFO]: Created: 16x16 textures/items-atlas
[16:10:11] [Client thread/INFO]: Reloading ResourceManager: Default, FMLFileResourcePack:Forge Mod Loader, FMLFileResourcePack:Minecraft Forge, FMLFileResourcePack:The Runescape Client Mod
[16:10:12] [Client thread/INFO]: Created: 1024x512 textures/blocks-atlas
[16:10:12] [Client thread/INFO]: Created: 2048x2048 textures/items-atlas
[16:10:13] [Sound Library Loader/INFO]: Sound engine started
[16:10:24] [Server thread/INFO]: Starting integrated minecraft server version 1.7.10
[16:10:24] [Server thread/INFO]: Generating keypair
[16:10:24] [Server thread/INFO]: Converting map!
[16:10:24] [Server thread/INFO]: Scanning folders...
[16:10:24] [Server thread/INFO]: Total conversion count is 0
[16:10:25] [Server thread/INFO]: Preparing start region for level 0
[16:10:26] [Server thread/INFO]: Preparing spawn area: 15%
[16:10:27] [Server thread/INFO]: Preparing spawn area: 35%
[16:10:28] [Server thread/INFO]: Preparing spawn area: 59%
[16:10:29] [Server thread/INFO]: Preparing spawn area: 84%
[16:10:29] [Server thread/INFO]: Changing view distance to 12, from 10
[16:10:30] [Server thread/INFO]: Player299[local:E:6549498b] logged in with entity id 99 at (-107.5, 62.0, 236.5)
[16:10:30] [Server thread/INFO]: Player299 joined the game
[16:10:30] [Client thread/WARN]: Failed to load texture: minecraft:null
java.io.FileNotFoundException: minecraft:null
	at net.minecraft.client.resources.FallbackResourceManager.getResource(FallbackResourceManager.java:65) ~[FallbackResourceManager.class:?]
	at net.minecraft.client.resources.SimpleReloadableResourceManager.getResource(SimpleReloadableResourceManager.java:67) ~[SimpleReloadableResourceManager.class:?]
	at net.minecraft.client.renderer.texture.SimpleTexture.loadTexture(SimpleTexture.java:35) ~[SimpleTexture.class:?]
	at net.minecraft.client.renderer.texture.TextureManager.loadTexture(TextureManager.java:89) [TextureManager.class:?]
	at net.minecraft.client.renderer.texture.TextureManager.bindTexture(TextureManager.java:45) [TextureManager.class:?]
	at javabuckets.mods.rcm.huds.HUDSkillsTab.renderSkills(HUDSkillsTab.java:67) [HUDSkillsTab.class:?]
	at javabuckets.mods.rcm.huds.HUDSkillsTab.onRender(HUDSkillsTab.java:53) [HUDSkillsTab.class:?]
	at cpw.mods.fml.common.eventhandler.ASMEventHandler_7_HUDSkillsTab_onRender_RenderGameOverlayEvent.invoke(.dynamic) [?:?]
	at cpw.mods.fml.common.eventhandler.ASMEventHandler.invoke(ASMEventHandler.java:54) [ASMEventHandler.class:?]
	at cpw.mods.fml.common.eventhandler.EventBus.post(EventBus.java:140) [EventBus.class:?]
	at net.minecraftforge.client.GuiIngameForge.post(GuiIngameForge.java:905) [GuiIngameForge.class:?]
	at net.minecraftforge.client.GuiIngameForge.renderExperience(GuiIngameForge.java:550) [GuiIngameForge.class:?]
	at net.minecraftforge.client.GuiIngameForge.renderGameOverlay(GuiIngameForge.java:153) [GuiIngameForge.class:?]
	at net.minecraft.client.renderer.EntityRenderer.updateCameraAndRender(EntityRenderer.java:1114) [EntityRenderer.class:?]
	at net.minecraft.client.Minecraft.runGameLoop(Minecraft.java:1067) [Minecraft.class:?]
	at net.minecraft.client.Minecraft.run(Minecraft.java:962) [Minecraft.class:?]
	at net.minecraft.client.main.Main.main(Main.java:164) [Main.class:?]
	at sun.reflect.NativeMethodAccessorImpl.invoke0(Native Method) ~[?:1.8.0_91]
	at sun.reflect.NativeMethodAccessorImpl.invoke(Unknown Source) ~[?:1.8.0_91]
	at sun.reflect.DelegatingMethodAccessorImpl.invoke(Unknown Source) ~[?:1.8.0_91]
	at java.lang.reflect.Method.invoke(Unknown Source) ~[?:1.8.0_91]
	at net.minecraft.launchwrapper.Launch.launch(Launch.java:135) [launchwrapper-1.12.jar:?]
	at net.minecraft.launchwrapper.Launch.main(Launch.java:28) [launchwrapper-1.12.jar:?]
	at net.minecraftforge.gradle.GradleStartCommon.launch(Unknown Source) [start/:?]
	at GradleStart.main(Unknown Source) [start/:?]
[16:10:30] [Client thread/INFO]: [CHAT] You leveled up in attack! You are now level 1!
[16:10:30] [Client thread/INFO]: [CHAT] You leveled up in mining! You are now level 1!
[16:10:30] [Client thread/INFO]: [CHAT] You leveled up in runecrafting! You are now level 1!
[16:10:30] [Client thread/INFO]: [CHAT] Your slayer task is complete. Return to a slayer master and get a new task.
[16:10:35] [Client thread/INFO]: Warning: Clientside chunk ticking took 161 ms
[16:10:37] [Server thread/INFO]: Player299 has just earned the achievement [Taking Inventory]
[16:10:37] [Client thread/INFO]: [CHAT] Player299 has just earned the achievement [Taking Inventory]
[16:12:13] [Server thread/INFO]: Saving and pausing game...
[16:12:13] [Server thread/INFO]: Saving chunks for level 'New World'/Overworld
[16:12:13] [Server thread/INFO]: Saving chunks for level 'New World'/Nether
[16:12:13] [Server thread/INFO]: Saving chunks for level 'New World'/The End
[16:12:38] [Server thread/INFO]: [Player299: Set own game mode to Survival Mode]
[16:12:38] [Client thread/INFO]: [CHAT] Your game mode has been updated
[16:12:48] [Server thread/INFO]: Saving and pausing game...
[16:12:48] [Server thread/INFO]: Saving chunks for level 'New World'/Overworld
[16:12:48] [Server thread/INFO]: Saving chunks for level 'New World'/Nether
[16:12:48] [Server thread/INFO]: Saving chunks for level 'New World'/The End
[16:12:49] [Server thread/INFO]: Saving and pausing game...
[16:12:49] [Server thread/INFO]: Saving chunks for level 'New World'/Overworld
[16:12:49] [Server thread/INFO]: Saving chunks for level 'New World'/Nether
[16:12:49] [Server thread/INFO]: Saving chunks for level 'New World'/The End
[16:13:25] [Server thread/INFO]: [CHAT] You need a Level of at least: 3 in Mining, to use this pickaxe!
[16:13:31] [Server thread/INFO]: [CHAT] You need a Level of at least: 3 in Mining, to use this pickaxe!
[16:13:34] [Server thread/INFO]: [CHAT] You need a Level of at least: 3 in Mining, to use this pickaxe!
[16:13:40] [Server thread/INFO]: [CHAT] You need a Level of at least: 3 in Mining, to use this pickaxe!
[16:13:40] [Server thread/INFO]: [CHAT] You need a Level of at least: 3 in Mining, to use this pickaxe!
[16:13:41] [Server thread/INFO]: [CHAT] You need a Level of at least: 3 in Mining, to use this pickaxe!
[16:13:43] [Server thread/INFO]: [CHAT] You need a Level of at least: 3 in Mining, to use this pickaxe!
[16:13:52] [Client thread/INFO]: [CHAT] /setlasttimeplayed, /setlevel
[16:13:53] [Client thread/INFO]: [CHAT] /setlasttimeplayed, /setlevel
[16:13:55] [Server thread/INFO]: [CHAT] You leveled up in mining! You are now level 3!
[16:13:55] [Server thread/INFO]: [CHAT] You leveled up in mining! You are now level 3!
[16:14:09] [Server thread/INFO]: Saving and pausing game...
[16:14:09] [Server thread/INFO]: Saving chunks for level 'New World'/Overworld
[16:14:09] [Server thread/INFO]: Saving chunks for level 'New World'/Nether
[16:14:09] [Server thread/INFO]: Saving chunks for level 'New World'/The End
[16:16:12] [Server thread/INFO]: Saving and pausing game...
[16:16:12] [Server thread/INFO]: Saving chunks for level 'New World'/Overworld
[16:16:13] [Server thread/INFO]: Saving chunks for level 'New World'/Nether
[16:16:13] [Server thread/INFO]: Saving chunks for level 'New World'/The End
