INFO  2016-07-27 12:37:05,267 (Saros.java:220) Starting Saros 14.10.31 running:
  Java Version: 1.8.0_91
  Java Vendor: Oracle Corporation
  Eclipse Runtime Version: 3.11.1.v20150903-1804
  Operating System: Windows 10 (10.0)
  Hardware Architecture: amd64
INFO  2016-07-27 12:37:05,291 (SarosContext.java:153) creating Saros runtime context...
DEBUG 2016-07-27 12:37:05,331 (XMPPAccountStore.java:117) loading accounts from file: C:\Users\Thomas\.saros\config.dat
DEBUG 2016-07-27 12:37:05,487 (XMPPAccountStore.java:176) loaded 2 account(s)
INFO  2016-07-27 12:37:05,639 (SarosContext.java:199) successfully created Saros runtime context
DEBUG 2016-07-27 12:37:05,656 (DataTransferManager.java:467) used transport order for the current XMPP connection: [XMPP-Socks5-Transport, XMPP-IBB-Transport]
INFO  2016-07-27 12:37:05,674 (PreferenceInitializer.java:50) initializing preference default values
DEBUG 2016-07-27 12:37:05,708 (SarosAnnotation.java:117) resetting annotation colors
DEBUG 2016-07-27 12:37:05,789 (Saros.java:430) skipping conversion of old XMPP accounts, because there are already new ones
DEBUG 2016-07-27 12:37:10,646 (WhiteboardManager.java:194) WhiteboardManager instantiated
DEBUG 2016-07-27 12:37:10,667 (DocumentRecord.java:93) Added Node: attr(146961583066595511) name=svg
DEBUG 2016-07-27 12:37:10,755 (XMPPConnectionService.java:439) started Socks5 proxy on port: 7777 [listening on all interfaces]
DEBUG 2016-07-27 12:37:11,237 (XMPPConnectionService.java:459) using autodetected addresses: [192.168.1.55, fe80:0:0:0:c492:1166:7753:35df%wlan2, 2001:0:9d38:6ab8:1049:2d34:3f57:fec8, fe80:0:0:0:1049:2d34:3f57:fec8%net2]
DEBUG 2016-07-27 12:37:11,276 (XMPPConnectionService.java:398)  new connection state == CONNECTING
DEBUG 2016-07-27 12:37:12,092 (XMPPConnectionService.java:398) thomdatamain@saros-con.imp.fu-berlin.de/Saros new connection state == CONNECTED
DEBUG 2016-07-27 12:37:12,093 (DataTransferManager.java:467) used transport order for the current XMPP connection: [XMPP-Socks5-Transport, XMPP-IBB-Transport]
DEBUG 2016-07-27 12:37:12,095 (SkypeManager.java:289) Refreshing Skype username cache...
WARN  2016-07-27 12:37:21,921 (StunServiceImpl.java:420) received no response from STUN server stunserver.org/69.172.201.153:3478 at local address /192.168.1.55:0
DEBUG 2016-07-27 12:39:04,285 (XMPPConnectionService.java:398) thomdatamain@saros-con.imp.fu-berlin.de/Saros new connection state == DISCONNECTING
DEBUG 2016-07-27 12:39:04,439 (XMPPConnectionService.java:398)  new connection state == NOT_CONNECTED
DEBUG 2016-07-27 12:39:04,440 (UPnPServiceImpl.java:295) deleting existing port mappings
