INFO  2017-06-15 01:35:17,770 (Saros.java:220) Starting Saros 14.10.31 running:
  Java Version: 1.8.0_101
  Java Vendor: Oracle Corporation
  Eclipse Runtime Version: 3.11.1.v20150903-1804
  Operating System: Windows 10 (10.0)
  Hardware Architecture: amd64
INFO  2017-06-15 01:35:17,796 (SarosContext.java:153) creating Saros runtime context...
DEBUG 2017-06-15 01:35:17,829 (XMPPAccountStore.java:117) loading accounts from file: C:\Users\Thomas\.saros\config.dat
DEBUG 2017-06-15 01:35:18,009 (XMPPAccountStore.java:176) loaded 4 account(s)
INFO  2017-06-15 01:35:18,154 (SarosContext.java:199) successfully created Saros runtime context
DEBUG 2017-06-15 01:35:18,172 (DataTransferManager.java:467) used transport order for the current XMPP connection: [XMPP-Socks5-Transport, XMPP-IBB-Transport]
INFO  2017-06-15 01:35:18,195 (PreferenceInitializer.java:50) initializing preference default values
DEBUG 2017-06-15 01:35:18,224 (SarosAnnotation.java:117) resetting annotation colors
DEBUG 2017-06-15 01:35:18,282 (Saros.java:430) skipping conversion of old XMPP accounts, because there are already new ones
DEBUG 2017-06-15 01:35:23,667 (WhiteboardManager.java:194) WhiteboardManager instantiated
DEBUG 2017-06-15 01:35:23,683 (DocumentRecord.java:93) Added Node: attr(149748332367940445) name=svg
DEBUG 2017-06-15 01:35:23,862 (XMPPConnectionService.java:439) started Socks5 proxy on port: 7777 [listening on all interfaces]
DEBUG 2017-06-15 01:35:25,192 (XMPPConnectionService.java:459) using autodetected addresses: [192.168.1.95, fe80:0:0:0:6ce6:6b67:c5dc:383%eth0, 2001:0:5ef5:79fb:1ce1:2ccc:3f57:fea0, fe80:0:0:0:1ce1:2ccc:3f57:fea0%net3]
DEBUG 2017-06-15 01:35:25,223 (XMPPConnectionService.java:398)  new connection state == CONNECTING
DEBUG 2017-06-15 01:35:29,345 (XMPPConnectionService.java:398) thomnextbr@xmpp.jp/Saros new connection state == CONNECTED
DEBUG 2017-06-15 01:35:29,346 (DataTransferManager.java:467) used transport order for the current XMPP connection: [XMPP-Socks5-Transport, XMPP-IBB-Transport]
DEBUG 2017-06-15 01:35:29,348 (SkypeManager.java:289) Refreshing Skype username cache...
WARN  2017-06-15 01:35:35,578 (StunServiceImpl.java:420) received no response from STUN server stunserver.org/69.172.201.153:3478 at local address /192.168.1.95:0
DEBUG 2017-06-15 01:35:40,205 (XMPPConnectionService.java:398) thomnextbr@xmpp.jp/Saros new connection state == DISCONNECTING
DEBUG 2017-06-15 01:35:40,360 (XMPPConnectionService.java:398)  new connection state == NOT_CONNECTED
DEBUG 2017-06-15 01:35:40,361 (UPnPServiceImpl.java:295) deleting existing port mappings
