INFO  2016-06-15 16:09:25,156 (Saros.java:220) Starting Saros 14.10.31 running:
  Java Version: 1.8.0_91
  Java Vendor: Oracle Corporation
  Eclipse Runtime Version: 3.11.1.v20150903-1804
  Operating System: Windows 10 (10.0)
  Hardware Architecture: amd64
INFO  2016-06-15 16:09:25,178 (SarosContext.java:153) creating Saros runtime context...
DEBUG 2016-06-15 16:09:25,208 (XMPPAccountStore.java:117) loading accounts from file: C:\Users\Thomas\.saros\config.dat
DEBUG 2016-06-15 16:09:25,390 (XMPPAccountStore.java:176) loaded 2 account(s)
INFO  2016-06-15 16:09:25,567 (SarosContext.java:199) successfully created Saros runtime context
DEBUG 2016-06-15 16:09:25,585 (DataTransferManager.java:467) used transport order for the current XMPP connection: [XMPP-Socks5-Transport, XMPP-IBB-Transport]
INFO  2016-06-15 16:09:25,616 (PreferenceInitializer.java:50) initializing preference default values
DEBUG 2016-06-15 16:09:25,645 (SarosAnnotation.java:117) resetting annotation colors
DEBUG 2016-06-15 16:09:25,689 (Saros.java:264) autogenerated favorite color id is: 1
DEBUG 2016-06-15 16:09:25,691 (Saros.java:430) skipping conversion of old XMPP accounts, because there are already new ones
DEBUG 2016-06-15 16:09:32,657 (WhiteboardManager.java:194) WhiteboardManager instantiated
DEBUG 2016-06-15 16:09:32,928 (XMPPConnectionService.java:439) started Socks5 proxy on port: 7777 [listening on all interfaces]
DEBUG 2016-06-15 16:09:33,053 (DocumentRecord.java:93) Added Node: attr(14659997730503930) name=svg
DEBUG 2016-06-15 16:09:34,525 (XMPPConnectionService.java:459) using autodetected addresses: [192.168.1.55, fe80:0:0:0:c492:1166:7753:35df%wlan2, 2001:0:5ef5:79fd:1493:1c93:3f57:fec8, fe80:0:0:0:1493:1c93:3f57:fec8%net2]
DEBUG 2016-06-15 16:09:34,551 (XMPPConnectionService.java:398)  new connection state == CONNECTING
DEBUG 2016-06-15 16:09:35,413 (XMPPConnectionService.java:398) thomdatamain@saros-con.imp.fu-berlin.de/Saros new connection state == CONNECTED
DEBUG 2016-06-15 16:09:35,414 (DataTransferManager.java:467) used transport order for the current XMPP connection: [XMPP-Socks5-Transport, XMPP-IBB-Transport]
DEBUG 2016-06-15 16:09:35,420 (SkypeManager.java:289) Refreshing Skype username cache...
DEBUG 2016-06-15 16:09:41,215 (IconUtils.java:197) color: RGB {255, 255, 255}
DEBUG 2016-06-15 16:09:41,216 (IconUtils.java:208) create foreground icon with color RGB {0, 0, 0}
WARN  2016-06-15 16:09:44,837 (StunServiceImpl.java:420) received no response from STUN server stunserver.org/69.172.201.153:3478 at local address /192.168.1.55:0
DEBUG 2016-06-15 16:22:46,791 (XMPPConnectionService.java:398) thomdatamain@saros-con.imp.fu-berlin.de/Saros new connection state == DISCONNECTING
DEBUG 2016-06-15 16:22:46,945 (XMPPConnectionService.java:398)  new connection state == NOT_CONNECTED
DEBUG 2016-06-15 16:22:46,946 (UPnPServiceImpl.java:295) deleting existing port mappings
